<?xml version="1.0" encoding="UTF-8"?>
<testsuite xmlns:xsi="http://www.w3.org/2001/XMLSchema-instance" xsi:noNamespaceSchemaLocation="https://maven.apache.org/surefire/maven-surefire-plugin/xsd/surefire-test-report-3.0.xsd" version="3.0" name="tests.ui.SectionsNavigationTest" time="28.521" tests="6" errors="0" skipped="0" failures="0">
  <properties>
[...]
</properties>
  <testcase name="testBunsSectionNavigation[0]" classname="tests.ui.SectionsNavigationTest" time="4.279">
    <system-err><![CDATA[Starting ChromeDriver 127.0.6533.119 (bdef6783a05f0b3f885591e7d2c7b2aec1a89dea-refs/branch-heads/6533@{#1999}) on port 1981
Only local connections are allowed.
Please see https://chromedriver.chromium.org/security-considerations for suggestions on keeping ChromeDriver safe.
ChromeDriver was started successfully.
авг. 17, 2024 8:39:57 PM org.openqa.selenium.remote.ProtocolHandshake createSession
INFO: Detected dialect: W3C
]]></system-err>
  </testcase>
  <testcase name="testFillingsSectionNavigation[0]" classname="tests.ui.SectionsNavigationTest" time="4.376">
    <system-err><![CDATA[Starting ChromeDriver 127.0.6533.119 (bdef6783a05f0b3f885591e7d2c7b2aec1a89dea-refs/branch-heads/6533@{#1999}) on port 42983
Only local connections are allowed.
Please see https://chromedriver.chromium.org/security-considerations for suggestions on keeping ChromeDriver safe.
ChromeDriver was started successfully.
авг. 17, 2024 8:40:01 PM org.openqa.selenium.remote.ProtocolHandshake createSession
INFO: Detected dialect: W3C
]]></system-err>
  </testcase>
  <testcase name="testSaucesSectionNavigation[0]" classname="tests.ui.SectionsNavigationTest" time="4.834">
    <system-err><![CDATA[Starting ChromeDriver 127.0.6533.119 (bdef6783a05f0b3f885591e7d2c7b2aec1a89dea-refs/branch-heads/6533@{#1999}) on port 33538
Only local connections are allowed.
Please see https://chromedriver.chromium.org/security-considerations for suggestions on keeping ChromeDriver safe.
ChromeDriver was started successfully.
авг. 17, 2024 8:40:05 PM org.openqa.selenium.remote.ProtocolHandshake createSession
INFO: Detected dialect: W3C
]]></system-err>
  </testcase>
  <testcase name="testBunsSectionNavigation[1]" classname="tests.ui.SectionsNavigationTest" time="5.21">
    <system-err><![CDATA[Starting ChromeDriver 126.0.6478.153 (29eccc30c18610e65bc38faa8204567685f4e5fb) on port 46151
Only local connections are allowed.
Please see https://chromedriver.chromium.org/security-considerations for suggestions on keeping ChromeDriver safe.
ChromeDriver was started successfully.
авг. 17, 2024 8:40:11 PM org.openqa.selenium.remote.ProtocolHandshake createSession
INFO: Detected dialect: W3C
]]></system-err>
  </testcase>
  <testcase name="testFillingsSectionNavigation[1]" classname="tests.ui.SectionsNavigationTest" time="4.737">
    <system-err><![CDATA[Starting ChromeDriver 126.0.6478.153 (29eccc30c18610e65bc38faa8204567685f4e5fb) on port 5616
Only local connections are allowed.
Please see https://chromedriver.chromium.org/security-considerations for suggestions on keeping ChromeDriver safe.
ChromeDriver was started successfully.
авг. 17, 2024 8:40:16 PM org.openqa.selenium.remote.ProtocolHandshake createSession
INFO: Detected dialect: W3C
]]></system-err>
  </testcase>
  <testcase name="testSaucesSectionNavigation[1]" classname="tests.ui.SectionsNavigationTest" time="5.085">
    <system-err><![CDATA[Starting ChromeDriver 126.0.6478.153 (29eccc30c18610e65bc38faa8204567685f4e5fb) on port 32680
Only local connections are allowed.
Please see https://chromedriver.chromium.org/security-considerations for suggestions on keeping ChromeDriver safe.
ChromeDriver was started successfully.
авг. 17, 2024 8:40:20 PM org.openqa.selenium.remote.ProtocolHandshake createSession
INFO: Detected dialect: W3C
]]></system-err>
  </testcase>
</testsuite>